Determining if the fopen_s exist failed with the following output:
Change Dir: /home/kali/Desktop/cmake_test/CMakeFiles/CMakeScratch/TryCompile-dnoEeI

Run Build Command(s):/usr/bin/gmake -f Makefile cmTC_e9f9d/fast && /usr/bin/gmake  -f CMakeFiles/cmTC_e9f9d.dir/build.make CMakeFiles/cmTC_e9f9d.dir/build
gmake[1]: Entering directory '/home/kali/Desktop/cmake_test/CMakeFiles/CMakeScratch/TryCompile-dnoEeI'
Building CXX object CMakeFiles/cmTC_e9f9d.dir/CheckSymbolExists.cxx.o
/usr/bin/c++    -o CMakeFiles/cmTC_e9f9d.dir/CheckSymbolExists.cxx.o -c /home/kali/Desktop/cmake_test/CMakeFiles/CMakeScratch/TryCompile-dnoEeI/CheckSymbolExists.cxx
/home/kali/Desktop/cmake_test/CMakeFiles/CMakeScratch/TryCompile-dnoEeI/CheckSymbolExists.cxx: In function ‘int main(int, char**)’:
/home/kali/Desktop/cmake_test/CMakeFiles/CMakeScratch/TryCompile-dnoEeI/CheckSymbolExists.cxx:8:19: error: ‘fopen_s’ was not declared in this scope; did you mean ‘fopen64’?
    8 |   return ((int*)(&fopen_s))[argc];
      |                   ^~~~~~~
      |                   fopen64
gmake[1]: *** [CMakeFiles/cmTC_e9f9d.dir/build.make:78: CMakeFiles/cmTC_e9f9d.dir/CheckSymbolExists.cxx.o] Error 1
gmake[1]: Leaving directory '/home/kali/Desktop/cmake_test/CMakeFiles/CMakeScratch/TryCompile-dnoEeI'
gmake: *** [Makefile:127: cmTC_e9f9d/fast] Error 2


File CheckSymbolExists.cxx:
/* */
#include <stdio.h>

int main(int argc, char** argv)
{
  (void)argv;
#ifndef fopen_s
  return ((int*)(&fopen_s))[argc];
#else
  (void)argc;
  return 0;
#endif
}
